2023-03-24 08:27:43,275 - __mp_main__ - INFO - Start training
2023-03-24 08:27:43,927 - __mp_main__ - DEBUG - PS got 0/5 updates
2023-03-24 08:27:43,927 - __mp_main__ - DEBUG - PS got 0/5 updates
2023-03-24 08:27:44,051 - __mp_main__ - DEBUG - PS got 2/5 updates
2023-03-24 08:27:44,091 - __mp_main__ - DEBUG - PS got 3/5 updates
2023-03-24 08:27:44,110 - __mp_main__ - DEBUG - PS got 4/5 updates
2023-03-24 08:27:44,112 - __mp_main__ - DEBUG - Loss is 2.3136579513549806
2023-03-24 08:27:44,113 - __mp_main__ - DEBUG - The norm of the gradient is 1.8273159969539932
2023-03-24 08:27:44,313 - __mp_main__ - DEBUG - PS updated model
2023-03-24 08:27:44,460 - __mp_main__ - DEBUG - PS got 0/5 updates
2023-03-24 08:27:44,569 - __mp_main__ - DEBUG - PS got 1/5 updates
2023-03-24 08:27:44,860 - __mp_main__ - DEBUG - PS got 2/5 updates
2023-03-24 08:27:44,962 - __mp_main__ - DEBUG - PS got 3/5 updates
2023-03-24 08:27:44,980 - __mp_main__ - DEBUG - PS got 4/5 updates
2023-03-24 08:27:44,983 - __mp_main__ - DEBUG - Loss is 2.328814744949341
2023-03-24 08:27:44,983 - __mp_main__ - DEBUG - The norm of the gradient is 1.9571500939079984
2023-03-24 08:27:45,079 - __mp_main__ - DEBUG - PS updated model
2023-03-24 08:27:45,678 - __mp_main__ - DEBUG - PS got 0/5 updates
2023-03-24 08:27:45,682 - __mp_main__ - DEBUG - PS got 1/5 updates
2023-03-24 08:27:45,790 - __mp_main__ - DEBUG - PS got 2/5 updates
2023-03-24 08:27:45,802 - __mp_main__ - DEBUG - PS got 3/5 updates
2023-03-24 08:27:45,802 - __mp_main__ - DEBUG - PS got 3/5 updates
2023-03-24 08:27:45,807 - __mp_main__ - DEBUG - Loss is 2.3207406044006347
2023-03-24 08:27:45,808 - __mp_main__ - DEBUG - The norm of the gradient is 1.9218852050565434
2023-03-24 08:27:46,045 - __mp_main__ - DEBUG - PS updated model
2023-03-24 08:27:46,161 - __mp_main__ - DEBUG - PS got 0/5 updates
2023-03-24 08:27:46,316 - __mp_main__ - DEBUG - PS got 1/5 updates
2023-03-24 08:27:46,473 - __mp_main__ - DEBUG - PS got 2/5 updates
2023-03-24 08:27:46,473 - __mp_main__ - DEBUG - PS got 2/5 updates
2023-03-24 08:27:46,529 - __mp_main__ - DEBUG - PS got 4/5 updates
2023-03-24 08:27:46,532 - __mp_main__ - DEBUG - Loss is 2.3033590793609617
2023-03-24 08:27:46,532 - __mp_main__ - DEBUG - The norm of the gradient is 1.9165288553299182
2023-03-24 08:27:46,543 - __mp_main__ - DEBUG - PS updated model
2023-03-24 08:27:47,143 - __mp_main__ - DEBUG - PS got 0/5 updates
2023-03-24 08:27:47,235 - __mp_main__ - DEBUG - PS got 1/5 updates
2023-03-24 08:27:47,248 - __mp_main__ - DEBUG - PS got 2/5 updates
2023-03-24 08:27:47,272 - __mp_main__ - DEBUG - PS got 3/5 updates
2023-03-24 08:27:47,298 - __mp_main__ - DEBUG - PS got 4/5 updates
2023-03-24 08:27:47,300 - __mp_main__ - DEBUG - Loss is 2.3168102264404298
2023-03-24 08:27:47,301 - __mp_main__ - DEBUG - The norm of the gradient is 1.8616235056362658
2023-03-24 08:27:47,322 - __mp_main__ - DEBUG - PS updated model
2023-03-24 08:27:47,781 - __mp_main__ - DEBUG - PS got 0/5 updates
2023-03-24 08:27:48,076 - __mp_main__ - DEBUG - PS got 1/5 updates
2023-03-24 08:27:48,152 - __mp_main__ - DEBUG - PS got 2/5 updates
2023-03-24 08:27:48,161 - __mp_main__ - DEBUG - PS got 3/5 updates
2023-03-24 08:27:48,177 - __mp_main__ - DEBUG - PS got 4/5 updates
2023-03-24 08:27:48,179 - __mp_main__ - DEBUG - Loss is 2.3112070560455322
2023-03-24 08:27:48,180 - __mp_main__ - DEBUG - The norm of the gradient is 1.8487147414116816
2023-03-24 08:27:48,186 - __mp_main__ - DEBUG - PS updated model
2023-03-24 08:27:48,878 - __mp_main__ - DEBUG - PS got 0/5 updates
2023-03-24 08:27:48,909 - __mp_main__ - DEBUG - PS got 1/5 updates
2023-03-24 08:27:49,003 - __mp_main__ - DEBUG - PS got 2/5 updates
2023-03-24 08:27:49,021 - __mp_main__ - DEBUG - PS got 3/5 updates
2023-03-24 08:27:49,031 - __mp_main__ - DEBUG - PS got 4/5 updates
2023-03-24 08:27:49,033 - __mp_main__ - DEBUG - Loss is 2.2916831970214844
2023-03-24 08:27:49,034 - __mp_main__ - DEBUG - The norm of the gradient is 1.9001543096955327
2023-03-24 08:27:49,046 - __mp_main__ - DEBUG - PS updated model
2023-03-24 08:27:49,538 - __mp_main__ - DEBUG - PS got 0/5 updates
2023-03-24 08:27:49,683 - __mp_main__ - DEBUG - PS got 1/5 updates
2023-03-24 08:27:49,774 - __mp_main__ - DEBUG - PS got 2/5 updates
2023-03-24 08:27:49,781 - __mp_main__ - DEBUG - PS got 3/5 updates
2023-03-24 08:27:49,789 - __mp_main__ - DEBUG - PS got 4/5 updates
2023-03-24 08:27:49,792 - __mp_main__ - DEBUG - Loss is 2.317782497406006
2023-03-24 08:27:49,792 - __mp_main__ - DEBUG - The norm of the gradient is 1.9521332586509041
2023-03-24 08:27:49,800 - __mp_main__ - DEBUG - PS updated model
2023-03-24 08:27:50,403 - __mp_main__ - DEBUG - PS got 0/5 updates
2023-03-24 08:27:50,488 - __mp_main__ - DEBUG - PS got 1/5 updates
2023-03-24 08:27:50,556 - __mp_main__ - DEBUG - PS got 2/5 updates
2023-03-24 08:27:50,558 - __mp_main__ - DEBUG - PS got 3/5 updates
2023-03-24 08:27:50,559 - __mp_main__ - DEBUG - PS got 3/5 updates
2023-03-24 08:27:50,565 - __mp_main__ - DEBUG - Loss is 2.31616849899292
2023-03-24 08:27:50,566 - __mp_main__ - DEBUG - The norm of the gradient is 1.8203951109930732
2023-03-24 08:27:50,599 - __mp_main__ - DEBUG - PS updated model
2023-03-24 08:27:51,172 - __mp_main__ - DEBUG - PS got 0/5 updates
2023-03-24 08:27:51,177 - __mp_main__ - DEBUG - PS got 1/5 updates
2023-03-24 08:27:51,351 - __mp_main__ - DEBUG - PS got 2/5 updates
2023-03-24 08:27:51,380 - __mp_main__ - DEBUG - PS got 3/5 updates
2023-03-24 08:27:51,391 - __mp_main__ - DEBUG - PS got 4/5 updates
2023-03-24 08:27:51,394 - __mp_main__ - DEBUG - Loss is 2.3174593925476072
2023-03-24 08:27:51,394 - __mp_main__ - DEBUG - The norm of the gradient is 1.9573123171497187
2023-03-24 08:27:51,436 - __mp_main__ - DEBUG - PS updated model
2023-03-24 08:27:51,959 - __mp_main__ - DEBUG - PS got 0/5 updates
2023-03-24 08:27:52,073 - __mp_main__ - DEBUG - PS got 1/5 updates
2023-03-24 08:27:52,392 - __mp_main__ - DEBUG - PS got 2/5 updates
2023-03-24 08:27:52,430 - __mp_main__ - DEBUG - PS got 3/5 updates
2023-03-24 08:27:52,433 - __mp_main__ - DEBUG - PS got 3/5 updates
2023-03-24 08:27:52,442 - __mp_main__ - DEBUG - Loss is 2.2973240852355956
2023-03-24 08:27:52,443 - __mp_main__ - DEBUG - The norm of the gradient is 1.9116256317501448
2023-03-24 08:27:52,458 - __mp_main__ - DEBUG - PS updated model
2023-03-24 08:27:53,283 - __mp_main__ - DEBUG - PS got 0/5 updates
2023-03-24 08:27:53,301 - __mp_main__ - DEBUG - PS got 1/5 updates
2023-03-24 08:27:53,305 - __mp_main__ - DEBUG - PS got 1/5 updates
2023-03-24 08:27:53,339 - __mp_main__ - DEBUG - PS got 3/5 updates
2023-03-24 08:27:53,352 - __mp_main__ - DEBUG - PS got 4/5 updates
2023-03-24 08:27:53,354 - __mp_main__ - DEBUG - Loss is 2.293360710144043
2023-03-24 08:27:53,355 - __mp_main__ - DEBUG - The norm of the gradient is 1.8122467164056177
2023-03-24 08:27:53,379 - __mp_main__ - DEBUG - PS updated model
2023-03-24 08:27:54,094 - __mp_main__ - DEBUG - PS got 0/5 updates
2023-03-24 08:27:54,176 - __mp_main__ - DEBUG - PS got 1/5 updates
2023-03-24 08:27:54,194 - __mp_main__ - DEBUG - PS got 2/5 updates
2023-03-24 08:27:54,216 - __mp_main__ - DEBUG - PS got 3/5 updates
2023-03-24 08:27:54,217 - __mp_main__ - DEBUG - PS got 3/5 updates
2023-03-24 08:27:54,220 - __mp_main__ - DEBUG - Loss is 2.299420166015625
2023-03-24 08:27:54,220 - __mp_main__ - DEBUG - The norm of the gradient is 1.8972195733462218
2023-03-24 08:27:54,274 - __mp_main__ - DEBUG - PS updated model
2023-03-24 08:27:54,741 - __mp_main__ - DEBUG - PS got 0/5 updates
2023-03-24 08:27:54,849 - __mp_main__ - DEBUG - PS got 1/5 updates
2023-03-24 08:27:54,924 - __mp_main__ - DEBUG - PS got 2/5 updates
2023-03-24 08:27:54,955 - __mp_main__ - DEBUG - PS got 3/5 updates
2023-03-24 08:27:54,979 - __mp_main__ - DEBUG - PS got 4/5 updates
2023-03-24 08:27:54,983 - __mp_main__ - DEBUG - Loss is 2.294103240966797
2023-03-24 08:27:54,983 - __mp_main__ - DEBUG - The norm of the gradient is 1.8153277728402604
2023-03-24 08:27:55,105 - __mp_main__ - DEBUG - PS updated model
2023-03-24 08:27:55,499 - __mp_main__ - DEBUG - PS got 0/5 updates
2023-03-24 08:27:55,664 - __mp_main__ - DEBUG - PS got 1/5 updates
2023-03-24 08:27:55,824 - __mp_main__ - DEBUG - PS got 2/5 updates
2023-03-24 08:27:55,890 - __mp_main__ - DEBUG - PS got 3/5 updates
2023-03-24 08:27:55,897 - __mp_main__ - DEBUG - PS got 4/5 updates
2023-03-24 08:27:55,903 - __mp_main__ - DEBUG - Loss is 2.2932865142822267
2023-03-24 08:27:55,903 - __mp_main__ - DEBUG - The norm of the gradient is 1.9955525350564052
2023-03-24 08:27:56,130 - __mp_main__ - DEBUG - PS updated model
2023-03-24 08:27:56,439 - __mp_main__ - DEBUG - PS got 0/5 updates
2023-03-24 08:27:56,513 - __mp_main__ - DEBUG - PS got 1/5 updates
2023-03-24 08:27:56,810 - __mp_main__ - DEBUG - PS got 2/5 updates
2023-03-24 08:27:56,900 - __mp_main__ - DEBUG - PS got 3/5 updates
2023-03-24 08:27:56,911 - __mp_main__ - DEBUG - PS got 4/5 updates
2023-03-24 08:27:56,915 - __mp_main__ - DEBUG - Loss is 2.290574073791504
2023-03-24 08:27:56,915 - __mp_main__ - DEBUG - The norm of the gradient is 2.2144356597883665
2023-03-24 08:27:56,982 - __mp_main__ - DEBUG - PS updated model
2023-03-24 08:27:57,563 - __mp_main__ - DEBUG - PS got 0/5 updates
2023-03-24 08:27:57,776 - __mp_main__ - DEBUG - PS got 1/5 updates
2023-03-24 08:27:57,781 - __mp_main__ - DEBUG - PS got 2/5 updates
2023-03-24 08:27:57,784 - __mp_main__ - DEBUG - PS got 3/5 updates
2023-03-24 08:27:57,812 - __mp_main__ - DEBUG - PS got 4/5 updates
2023-03-24 08:27:57,815 - __mp_main__ - DEBUG - Loss is 2.284103012084961
2023-03-24 08:27:57,815 - __mp_main__ - DEBUG - The norm of the gradient is 1.9334648353772945
2023-03-24 08:27:57,894 - __mp_main__ - DEBUG - PS updated model
2023-03-24 08:27:58,386 - __mp_main__ - DEBUG - PS got 0/5 updates
2023-03-24 08:27:58,686 - __mp_main__ - DEBUG - PS got 1/5 updates
2023-03-24 08:27:58,757 - __mp_main__ - DEBUG - PS got 2/5 updates
2023-03-24 08:27:58,762 - __mp_main__ - DEBUG - PS got 3/5 updates
2023-03-24 08:27:58,825 - __mp_main__ - DEBUG - PS got 4/5 updates
2023-03-24 08:27:58,829 - __mp_main__ - DEBUG - Loss is 2.294020938873291
2023-03-24 08:27:58,829 - __mp_main__ - DEBUG - The norm of the gradient is 1.783617120723033
2023-03-24 08:27:58,892 - __mp_main__ - DEBUG - PS updated model
2023-03-24 08:27:59,489 - __mp_main__ - DEBUG - PS got 0/5 updates
2023-03-24 08:27:59,644 - __mp_main__ - DEBUG - PS got 1/5 updates
2023-03-24 08:27:59,644 - __mp_main__ - DEBUG - PS got 1/5 updates
2023-03-24 08:27:59,687 - __mp_main__ - DEBUG - PS got 3/5 updates
2023-03-24 08:27:59,702 - __mp_main__ - DEBUG - PS got 4/5 updates
2023-03-24 08:27:59,705 - __mp_main__ - DEBUG - Loss is 2.2969035148620605
2023-03-24 08:27:59,706 - __mp_main__ - DEBUG - The norm of the gradient is 1.878226886445767
2023-03-24 08:27:59,746 - __mp_main__ - DEBUG - PS updated model
2023-03-24 08:28:00,448 - __mp_main__ - DEBUG - PS got 0/5 updates
2023-03-24 08:28:00,462 - __mp_main__ - DEBUG - PS got 1/5 updates
2023-03-24 08:28:00,563 - __mp_main__ - DEBUG - PS got 2/5 updates
2023-03-24 08:28:00,582 - __mp_main__ - DEBUG - PS got 3/5 updates
2023-03-24 08:28:00,591 - __mp_main__ - DEBUG - PS got 4/5 updates
2023-03-24 08:28:00,594 - __mp_main__ - DEBUG - Loss is 2.2792731285095216
2023-03-24 08:28:00,594 - __mp_main__ - DEBUG - The norm of the gradient is 1.9436968969658717
2023-03-24 08:28:00,637 - __mp_main__ - DEBUG - PS updated model
2023-03-24 08:28:01,060 - __mp_main__ - DEBUG - PS got 0/5 updates
2023-03-24 08:28:01,459 - __mp_main__ - DEBUG - PS got 1/5 updates
2023-03-24 08:28:01,552 - __mp_main__ - DEBUG - PS got 2/5 updates
2023-03-24 08:28:01,557 - __mp_main__ - DEBUG - PS got 3/5 updates
2023-03-24 08:28:01,609 - __mp_main__ - DEBUG - PS got 4/5 updates
2023-03-24 08:28:01,612 - __mp_main__ - DEBUG - Loss is 2.3022216320037843
2023-03-24 08:28:01,613 - __mp_main__ - DEBUG - The norm of the gradient is 1.7770197973466184
2023-03-24 08:28:01,818 - __mp_main__ - DEBUG - PS updated model
2023-03-24 08:28:02,131 - __mp_main__ - DEBUG - PS got 0/5 updates
2023-03-24 08:28:02,196 - __mp_main__ - DEBUG - PS got 1/5 updates
2023-03-24 08:28:02,441 - __mp_main__ - DEBUG - PS got 2/5 updates
2023-03-24 08:28:02,450 - __mp_main__ - DEBUG - PS got 3/5 updates
2023-03-24 08:28:02,480 - __mp_main__ - DEBUG - PS got 4/5 updates
2023-03-24 08:28:02,483 - __mp_main__ - DEBUG - Loss is 2.276336145401001
2023-03-24 08:28:02,483 - __mp_main__ - DEBUG - The norm of the gradient is 1.8728335522287283
2023-03-24 08:28:02,531 - __mp_main__ - DEBUG - PS updated model
2023-03-24 08:28:03,226 - __mp_main__ - DEBUG - PS got 0/5 updates
2023-03-24 08:28:03,230 - __mp_main__ - DEBUG - PS got 0/5 updates
2023-03-24 08:28:03,242 - __mp_main__ - DEBUG - PS got 1/5 updates
2023-03-24 08:28:03,379 - __mp_main__ - DEBUG - PS got 3/5 updates
2023-03-24 08:28:03,411 - __mp_main__ - DEBUG - PS got 4/5 updates
2023-03-24 08:28:03,414 - __mp_main__ - DEBUG - Loss is 2.274686098098755
2023-03-24 08:28:03,414 - __mp_main__ - DEBUG - The norm of the gradient is 1.9330136082413854
2023-03-24 08:28:03,425 - __mp_main__ - DEBUG - PS updated model
2023-03-24 08:28:04,291 - __mp_main__ - DEBUG - PS got 0/5 updates
2023-03-24 08:28:04,433 - __mp_main__ - DEBUG - PS got 1/5 updates
2023-03-24 08:28:04,433 - __mp_main__ - DEBUG - PS got 1/5 updates
2023-03-24 08:28:04,434 - __mp_main__ - DEBUG - PS got 1/5 updates
2023-03-24 08:28:04,439 - __mp_main__ - DEBUG - PS got 4/5 updates
2023-03-24 08:28:04,443 - __mp_main__ - DEBUG - Loss is 2.2885643005371095
2023-03-24 08:28:04,444 - __mp_main__ - DEBUG - The norm of the gradient is 1.944651472608094
2023-03-24 08:28:04,449 - __mp_main__ - DEBUG - PS updated model
2023-03-24 08:28:05,093 - __mp_main__ - DEBUG - PS got 0/5 updates
2023-03-24 08:28:05,120 - __mp_main__ - DEBUG - PS got 1/5 updates
2023-03-24 08:28:05,321 - __mp_main__ - DEBUG - PS got 2/5 updates
2023-03-24 08:28:05,322 - __mp_main__ - DEBUG - PS got 2/5 updates
2023-03-24 08:28:05,352 - __mp_main__ - DEBUG - PS got 4/5 updates
2023-03-24 08:28:05,355 - __mp_main__ - DEBUG - Loss is 2.265865135192871
2023-03-24 08:28:05,356 - __mp_main__ - DEBUG - The norm of the gradient is 1.7979059603548457
2023-03-24 08:28:05,383 - __mp_main__ - DEBUG - PS updated model
2023-03-24 08:28:06,100 - __mp_main__ - DEBUG - PS got 0/5 updates
2023-03-24 08:28:06,239 - __mp_main__ - DEBUG - PS got 1/5 updates
2023-03-24 08:28:06,301 - __mp_main__ - DEBUG - PS got 2/5 updates
2023-03-24 08:28:06,305 - __mp_main__ - DEBUG - PS got 3/5 updates
2023-03-24 08:28:06,326 - __mp_main__ - DEBUG - PS got 4/5 updates
2023-03-24 08:28:06,333 - __mp_main__ - DEBUG - Loss is 2.2895646572113035
2023-03-24 08:28:06,333 - __mp_main__ - DEBUG - The norm of the gradient is 2.0388606495903514
2023-03-24 08:28:06,381 - __mp_main__ - DEBUG - PS updated model
2023-03-24 08:28:07,238 - __mp_main__ - DEBUG - PS got 0/5 updates
2023-03-24 08:28:07,247 - __mp_main__ - DEBUG - PS got 1/5 updates
2023-03-24 08:28:07,256 - __mp_main__ - DEBUG - PS got 2/5 updates
2023-03-24 08:28:07,293 - __mp_main__ - DEBUG - PS got 3/5 updates
2023-03-24 08:28:07,345 - __mp_main__ - DEBUG - PS got 4/5 updates
2023-03-24 08:28:07,349 - __mp_main__ - DEBUG - Loss is 2.2920725345611572
2023-03-24 08:28:07,349 - __mp_main__ - DEBUG - The norm of the gradient is 1.9161368373895524
2023-03-24 08:28:07,381 - __mp_main__ - DEBUG - PS updated model
2023-03-24 08:28:08,065 - __mp_main__ - DEBUG - PS got 0/5 updates
2023-03-24 08:28:08,186 - __mp_main__ - DEBUG - PS got 1/5 updates
2023-03-24 08:28:08,186 - __mp_main__ - DEBUG - PS got 1/5 updates
2023-03-24 08:28:08,201 - __mp_main__ - DEBUG - PS got 3/5 updates
2023-03-24 08:28:08,224 - __mp_main__ - DEBUG - PS got 4/5 updates
2023-03-24 08:28:08,227 - __mp_main__ - DEBUG - Loss is 2.240018129348755
2023-03-24 08:28:08,227 - __mp_main__ - DEBUG - The norm of the gradient is 1.9148874450029847
2023-03-24 08:28:08,263 - __mp_main__ - DEBUG - PS updated model
2023-03-24 08:28:08,866 - __mp_main__ - DEBUG - PS got 0/5 updates
2023-03-24 08:28:09,158 - __mp_main__ - DEBUG - PS got 1/5 updates
2023-03-24 08:28:09,249 - __mp_main__ - DEBUG - PS got 2/5 updates
2023-03-24 08:28:09,262 - __mp_main__ - DEBUG - PS got 3/5 updates
2023-03-24 08:28:09,290 - __mp_main__ - DEBUG - PS got 4/5 updates
2023-03-24 08:28:09,293 - __mp_main__ - DEBUG - Loss is 2.2688353061676025
2023-03-24 08:28:09,294 - __mp_main__ - DEBUG - The norm of the gradient is 1.79155543317072
2023-03-24 08:28:09,301 - __mp_main__ - DEBUG - PS updated model
2023-03-24 08:28:09,935 - __mp_main__ - DEBUG - PS got 0/5 updates
2023-03-24 08:28:10,130 - __mp_main__ - DEBUG - PS got 1/5 updates
2023-03-24 08:28:10,145 - __mp_main__ - DEBUG - PS got 2/5 updates
2023-03-24 08:28:10,169 - __mp_main__ - DEBUG - PS got 3/5 updates
2023-03-24 08:28:10,232 - __mp_main__ - DEBUG - PS got 4/5 updates
2023-03-24 08:28:10,235 - __mp_main__ - DEBUG - Loss is 2.282524824142456
2023-03-24 08:28:10,235 - __mp_main__ - DEBUG - The norm of the gradient is 1.904012427266239
2023-03-24 08:28:10,373 - __mp_main__ - DEBUG - PS updated model
2023-03-24 08:28:10,848 - __mp_main__ - DEBUG - PS got 0/5 updates
2023-03-24 08:28:11,091 - __mp_main__ - DEBUG - PS got 1/5 updates
2023-03-24 08:28:11,131 - __mp_main__ - DEBUG - PS got 2/5 updates
2023-03-24 08:28:11,132 - __mp_main__ - DEBUG - PS got 2/5 updates
2023-03-24 08:28:11,179 - __mp_main__ - DEBUG - PS got 4/5 updates
2023-03-24 08:28:11,182 - __mp_main__ - DEBUG - Loss is 2.2819982051849363
2023-03-24 08:28:11,182 - __mp_main__ - DEBUG - The norm of the gradient is 1.8317351463982108
2023-03-24 08:28:11,206 - __mp_main__ - DEBUG - PS updated model
2023-03-24 08:28:11,600 - __mp_main__ - DEBUG - PS got 0/5 updates
2023-03-24 08:28:11,878 - __mp_main__ - DEBUG - PS got 1/5 updates
2023-03-24 08:28:11,930 - __mp_main__ - DEBUG - PS got 2/5 updates
2023-03-24 08:28:11,938 - __mp_main__ - DEBUG - PS got 3/5 updates
2023-03-24 08:28:11,949 - __mp_main__ - DEBUG - PS got 4/5 updates
2023-03-24 08:28:11,952 - __mp_main__ - DEBUG - Loss is 2.255205774307251
2023-03-24 08:28:11,952 - __mp_main__ - DEBUG - The norm of the gradient is 2.0506671176916123
2023-03-24 08:28:11,981 - __mp_main__ - DEBUG - PS updated model
2023-03-24 08:28:12,500 - __mp_main__ - DEBUG - PS got 0/5 updates
2023-03-24 08:28:12,683 - __mp_main__ - DEBUG - PS got 1/5 updates
2023-03-24 08:28:12,863 - __mp_main__ - DEBUG - PS got 2/5 updates
2023-03-24 08:28:12,927 - __mp_main__ - DEBUG - PS got 3/5 updates
2023-03-24 08:28:12,939 - __mp_main__ - DEBUG - PS got 4/5 updates
2023-03-24 08:28:12,942 - __mp_main__ - DEBUG - Loss is 2.260738897323608
2023-03-24 08:28:12,942 - __mp_main__ - DEBUG - The norm of the gradient is 1.8766345254718662
2023-03-24 08:28:12,951 - __mp_main__ - DEBUG - PS updated model
2023-03-24 08:28:13,669 - __mp_main__ - DEBUG - PS got 0/5 updates
2023-03-24 08:28:13,788 - __mp_main__ - DEBUG - PS got 1/5 updates
2023-03-24 08:28:13,807 - __mp_main__ - DEBUG - PS got 2/5 updates
2023-03-24 08:28:13,843 - __mp_main__ - DEBUG - PS got 3/5 updates
2023-03-24 08:28:13,849 - __mp_main__ - DEBUG - PS got 4/5 updates
2023-03-24 08:28:13,852 - __mp_main__ - DEBUG - Loss is 2.2729734897613527
2023-03-24 08:28:13,852 - __mp_main__ - DEBUG - The norm of the gradient is 1.992517205755898
2023-03-24 08:28:13,885 - __mp_main__ - DEBUG - PS updated model
2023-03-24 08:28:14,504 - __mp_main__ - DEBUG - PS got 0/5 updates
2023-03-24 08:28:14,591 - __mp_main__ - DEBUG - PS got 1/5 updates
2023-03-24 08:28:14,607 - __mp_main__ - DEBUG - PS got 2/5 updates
2023-03-24 08:28:14,648 - __mp_main__ - DEBUG - PS got 3/5 updates
2023-03-24 08:28:14,676 - __mp_main__ - DEBUG - PS got 4/5 updates
2023-03-24 08:28:14,679 - __mp_main__ - DEBUG - Loss is 2.259762763977051
2023-03-24 08:28:14,680 - __mp_main__ - DEBUG - The norm of the gradient is 1.9454844046483009
2023-03-24 08:28:14,702 - __mp_main__ - DEBUG - PS updated model
2023-03-24 08:28:15,446 - __mp_main__ - DEBUG - PS got 0/5 updates
2023-03-24 08:28:15,450 - __mp_main__ - DEBUG - PS got 1/5 updates
2023-03-24 08:28:15,502 - __mp_main__ - DEBUG - PS got 2/5 updates
2023-03-24 08:28:15,535 - __mp_main__ - DEBUG - PS got 3/5 updates
2023-03-24 08:28:15,552 - __mp_main__ - DEBUG - PS got 4/5 updates
2023-03-24 08:28:15,557 - __mp_main__ - DEBUG - Loss is 2.249982738494873
2023-03-24 08:28:15,558 - __mp_main__ - DEBUG - The norm of the gradient is 1.8893985864360103
2023-03-24 08:28:15,580 - __mp_main__ - DEBUG - PS updated model
2023-03-24 08:28:16,430 - __mp_main__ - DEBUG - PS got 0/5 updates
2023-03-24 08:28:16,431 - __mp_main__ - DEBUG - PS got 0/5 updates
2023-03-24 08:28:16,444 - __mp_main__ - DEBUG - PS got 2/5 updates
2023-03-24 08:28:16,474 - __mp_main__ - DEBUG - PS got 3/5 updates
2023-03-24 08:28:16,529 - __mp_main__ - DEBUG - PS got 4/5 updates
2023-03-24 08:28:16,533 - __mp_main__ - DEBUG - Loss is 2.277429628372192
2023-03-24 08:28:16,533 - __mp_main__ - DEBUG - The norm of the gradient is 1.9172557430614259
2023-03-24 08:28:16,576 - __mp_main__ - DEBUG - PS updated model
2023-03-24 08:28:17,111 - __mp_main__ - DEBUG - PS got 0/5 updates
2023-03-24 08:28:17,486 - __mp_main__ - DEBUG - PS got 1/5 updates
2023-03-24 08:28:17,489 - __mp_main__ - DEBUG - PS got 2/5 updates
2023-03-24 08:28:17,491 - __mp_main__ - DEBUG - PS got 3/5 updates
2023-03-24 08:28:17,499 - __mp_main__ - DEBUG - PS got 4/5 updates
2023-03-24 08:28:17,503 - __mp_main__ - DEBUG - Loss is 2.2562288284301757
2023-03-24 08:28:17,503 - __mp_main__ - DEBUG - The norm of the gradient is 1.9531761813704067
2023-03-24 08:28:17,539 - __mp_main__ - DEBUG - PS updated model
2023-03-24 08:28:18,208 - __mp_main__ - DEBUG - PS got 0/5 updates
2023-03-24 08:28:18,208 - __mp_main__ - DEBUG - PS got 0/5 updates
2023-03-24 08:28:18,328 - __mp_main__ - DEBUG - PS got 2/5 updates
2023-03-24 08:28:18,330 - __mp_main__ - DEBUG - PS got 3/5 updates
2023-03-24 08:28:18,350 - __mp_main__ - DEBUG - PS got 4/5 updates
2023-03-24 08:28:18,353 - __mp_main__ - DEBUG - Loss is 2.2633218288421633
2023-03-24 08:28:18,353 - __mp_main__ - DEBUG - The norm of the gradient is 1.8671537468746522
2023-03-24 08:28:18,373 - __mp_main__ - DEBUG - PS updated model
2023-03-24 08:28:18,934 - __mp_main__ - DEBUG - PS got 0/5 updates
2023-03-24 08:28:19,059 - __mp_main__ - DEBUG - PS got 1/5 updates
2023-03-24 08:28:19,107 - __mp_main__ - DEBUG - PS got 2/5 updates
2023-03-24 08:28:19,130 - __mp_main__ - DEBUG - PS got 3/5 updates
2023-03-24 08:28:19,153 - __mp_main__ - DEBUG - PS got 4/5 updates
2023-03-24 08:28:19,156 - __mp_main__ - DEBUG - Loss is 2.2589651584625243
2023-03-24 08:28:19,156 - __mp_main__ - DEBUG - The norm of the gradient is 1.9178847609114773
2023-03-24 08:28:19,246 - __mp_main__ - DEBUG - PS updated model
2023-03-24 08:28:19,655 - __mp_main__ - DEBUG - PS got 0/5 updates
2023-03-24 08:28:19,725 - __mp_main__ - DEBUG - PS got 1/5 updates
2023-03-24 08:28:19,774 - __mp_main__ - DEBUG - PS got 2/5 updates
2023-03-24 08:28:19,842 - __mp_main__ - DEBUG - PS got 3/5 updates
2023-03-24 08:28:19,853 - __mp_main__ - DEBUG - PS got 4/5 updates
2023-03-24 08:28:19,856 - __mp_main__ - DEBUG - Loss is 2.255633068084717
2023-03-24 08:28:19,857 - __mp_main__ - DEBUG - The norm of the gradient is 1.9679564162798762
2023-03-24 08:28:19,926 - __mp_main__ - DEBUG - PS updated model
2023-03-24 08:28:20,228 - __mp_main__ - DEBUG - PS got 0/5 updates
2023-03-24 08:28:20,520 - __mp_main__ - DEBUG - PS got 1/5 updates
2023-03-24 08:28:20,795 - __mp_main__ - DEBUG - PS got 2/5 updates
2023-03-24 08:28:20,797 - __mp_main__ - DEBUG - PS got 2/5 updates
2023-03-24 08:28:20,821 - __mp_main__ - DEBUG - PS got 4/5 updates
2023-03-24 08:28:20,826 - __mp_main__ - DEBUG - Loss is 2.269419956207275
2023-03-24 08:28:20,827 - __mp_main__ - DEBUG - The norm of the gradient is 1.850926478011282
2023-03-24 08:28:20,927 - __mp_main__ - DEBUG - PS updated model
